2026-03-01 02:03:31,356 - CryptoVerde.ETL - INFO - ============================================================
2026-03-01 02:03:35,453 - httpx - INFO - HTTP Request: GET https://kjchklbuvhhisqmehhda.supabase.co/rest/v1/crypto_market?select=%2A&order=extracted_at.desc "HTTP/2 200 OK"
2026-03-01 02:03:35,627 - httpx - INFO - HTTP Request: POST https://kjchklbuvhhisqmehhda.supabase.co/rest/v1/crypto_market?on_conflict=coin_id&columns=%22price_change_24h%22%2C%22symbol%22%2C%22name%22%2C%22total_volume%22%2C%22current_price%22%2C%22volatility_score%22%2C%22market_cap%22%2C%22extracted_at%22%2C%22coin_id%22%2C%22market_cap_rank%22 "HTTP/2 200 OK"
2026-03-01 02:03:35,689 - httpx - INFO - HTTP Request: GET https://kjchklbuvhhisqmehhda.supabase.co/rest/v1/crypto_market?select=%2A&coin_id=eq.bitcoin&extracted_at=gte.2025-03-01T02%3A03%3A35.482850&extracted_at=lte.2026-03-01T02%3A03%3A35.482850&order=extracted_at.asc "HTTP/2 200 OK"
2026-03-01 02:03:35,902 - httpx - INFO - HTTP Request: GET https://kjchklbuvhhisqmehhda.supabase.co/rest/v1/crypto_market?select=%2A&coin_id=eq.ethereum&extracted_at=gte.2025-03-01T02%3A03%3A35.711649&extracted_at=lte.2026-03-01T02%3A03%3A35.711649&order=extracted_at.asc "HTTP/2 200 OK"
2026-03-01 02:03:36,038 - httpx - INFO - HTTP Request: GET https://kjchklbuvhhisqmehhda.supabase.co/rest/v1/crypto_market?select=%2A&order=extracted_at.desc "HTTP/2 200 OK"
2026-03-01 02:03:36,144 - httpx - INFO - HTTP Request: GET https://kjchklbuvhhisqmehhda.supabase.co/rest/v1/crypto_market?select=%2A&coin_id=eq.tether&extracted_at=gte.2025-03-01T02%3A03%3A35.935698&extracted_at=lte.2026-03-01T02%3A03%3A35.935698&order=extracted_at.asc "HTTP/2 200 OK"
2026-03-01 02:03:36,656 - httpx - INFO - HTTP Request: GET https://kjchklbuvhhisqmehhda.supabase.co/rest/v1/crypto_market?select=%2A&coin_id=eq.ripple&extracted_at=gte.2025-03-01T02%3A03%3A36.248613&extracted_at=lte.2026-03-01T02%3A03%3A36.248613&order=extracted_at.asc "HTTP/2 200 OK"
2026-03-01 02:03:36,867 - httpx - INFO - HTTP Request: GET https://kjchklbuvhhisqmehhda.supabase.co/rest/v1/crypto_market?select=%2A&coin_id=eq.binancecoin&extracted_at=gte.2025-03-01T02%3A03%3A36.679430&extracted_at=lte.2026-03-01T02%3A03%3A36.679430&order=extracted_at.asc "HTTP/2 200 OK"
2026-03-01 02:03:37,065 - httpx - INFO - HTTP Request: GET https://kjchklbuvhhisqmehhda.supabase.co/rest/v1/crypto_market?select=%2A&coin_id=eq.usd-coin&extracted_at=gte.2025-03-01T02%3A03%3A36.888236&extracted_at=lte.2026-03-01T02%3A03%3A36.888236&order=extracted_at.asc "HTTP/2 200 OK"
2026-03-01 02:03:37,298 - httpx - INFO - HTTP Request: GET https://kjchklbuvhhisqmehhda.supabase.co/rest/v1/crypto_market?select=%2A&coin_id=eq.solana&extracted_at=gte.2025-03-01T02%3A03%3A37.082970&extracted_at=lte.2026-03-01T02%3A03%3A37.082970&order=extracted_at.asc "HTTP/2 200 OK"
2026-03-01 02:03:37,708 - httpx - INFO - HTTP Request: GET https://kjchklbuvhhisqmehhda.supabase.co/rest/v1/crypto_market?select=%2A&coin_id=eq.tron&extracted_at=gte.2025-03-01T02%3A03%3A37.313457&extracted_at=lte.2026-03-01T02%3A03%3A37.313457&order=extracted_at.asc "HTTP/2 200 OK"
2026-03-01 02:03:38,011 - httpx - INFO - HTTP Request: GET https://kjchklbuvhhisqmehhda.supabase.co/rest/v1/crypto_market?select=%2A&coin_id=eq.figure-heloc&extracted_at=gte.2025-03-01T02%3A03%3A37.742950&extracted_at=lte.2026-03-01T02%3A03%3A37.742950&order=extracted_at.asc "HTTP/2 200 OK"
2026-03-01 02:03:38,333 - httpx - INFO - HTTP Request: GET https://kjchklbuvhhisqmehhda.supabase.co/rest/v1/crypto_market?select=%2A&coin_id=eq.dogecoin&extracted_at=gte.2025-03-01T02%3A03%3A38.049747&extracted_at=lte.2026-03-01T02%3A03%3A38.049747&order=extracted_at.asc "HTTP/2 200 OK"
2026-03-01 02:03:38,632 - httpx - INFO - HTTP Request: GET https://kjchklbuvhhisqmehhda.supabase.co/rest/v1/crypto_market?select=%2A&coin_id=eq.whitebit&extracted_at=gte.2025-03-01T02%3A03%3A38.353808&extracted_at=lte.2026-03-01T02%3A03%3A38.353808&order=extracted_at.asc "HTTP/2 200 OK"
2026-03-01 02:03:38,931 - httpx - INFO - HTTP Request: GET https://kjchklbuvhhisqmehhda.supabase.co/rest/v1/crypto_market?select=%2A&coin_id=eq.cardano&extracted_at=gte.2025-03-01T02%3A03%3A38.651231&extracted_at=lte.2026-03-01T02%3A03%3A38.651231&order=extracted_at.asc "HTTP/2 200 OK"
2026-03-01 02:03:39,246 - httpx - INFO - HTTP Request: GET https://kjchklbuvhhisqmehhda.supabase.co/rest/v1/crypto_market?select=%2A&coin_id=eq.usds&extracted_at=gte.2025-03-01T02%3A03%3A38.961746&extracted_at=lte.2026-03-01T02%3A03%3A38.961746&order=extracted_at.asc "HTTP/2 200 OK"
2026-03-01 02:03:39,552 - httpx - INFO - HTTP Request: GET https://kjchklbuvhhisqmehhda.supabase.co/rest/v1/crypto_market?select=%2A&coin_id=eq.bitcoin-cash&extracted_at=gte.2025-03-01T02%3A03%3A39.265141&extracted_at=lte.2026-03-01T02%3A03%3A39.265141&order=extracted_at.asc "HTTP/2 200 OK"
2026-03-01 02:03:39,842 - httpx - INFO - HTTP Request: GET https://kjchklbuvhhisqmehhda.supabase.co/rest/v1/crypto_market?select=%2A&coin_id=eq.leo-token&extracted_at=gte.2025-03-01T02%3A03%3A39.622568&extracted_at=lte.2026-03-01T02%3A03%3A39.622568&order=extracted_at.asc "HTTP/2 200 OK"
2026-03-01 02:03:40,132 - httpx - INFO - HTTP Request: GET https://kjchklbuvhhisqmehhda.supabase.co/rest/v1/crypto_market?select=%2A&coin_id=eq.hyperliquid&extracted_at=gte.2025-03-01T02%3A03%3A39.930401&extracted_at=lte.2026-03-01T02%3A03%3A39.930401&order=extracted_at.asc "HTTP/2 200 OK"
2026-03-01 02:03:40,368 - httpx - INFO - HTTP Request: GET https://kjchklbuvhhisqmehhda.supabase.co/rest/v1/crypto_market?select=%2A&coin_id=eq.canton-network&extracted_at=gte.2025-03-01T02%3A03%3A40.158722&extracted_at=lte.2026-03-01T02%3A03%3A40.158722&order=extracted_at.asc "HTTP/2 200 OK"
2026-03-01 02:03:40,675 - httpx - INFO - HTTP Request: GET https://kjchklbuvhhisqmehhda.supabase.co/rest/v1/crypto_market?select=%2A&coin_id=eq.monero&extracted_at=gte.2025-03-01T02%3A03%3A40.393349&extracted_at=lte.2026-03-01T02%3A03%3A40.393349&order=extracted_at.asc "HTTP/2 200 OK"
2026-03-01 02:03:40,873 - httpx - INFO - HTTP Request: GET https://kjchklbuvhhisqmehhda.supabase.co/rest/v1/crypto_market?select=%2A&coin_id=eq.chainlink&extracted_at=gte.2025-03-01T02%3A03%3A40.692066&extracted_at=lte.2026-03-01T02%3A03%3A40.692066&order=extracted_at.asc "HTTP/2 200 OK"
2026-03-01 02:03:41,129 - httpx - INFO - HTTP Request: GET https://kjchklbuvhhisqmehhda.supabase.co/rest/v1/crypto_market?select=%2A&coin_id=eq.ethena-usde&extracted_at=gte.2025-03-01T02%3A03%3A40.890226&extracted_at=lte.2026-03-01T02%3A03%3A40.890226&order=extracted_at.asc "HTTP/2 200 OK"
2026-03-01 02:03:59,694 - CryptoVerde.ETL - INFO - ============================================================
2026-03-01 02:04:01,739 - httpx - INFO - HTTP Request: GET https://kjchklbuvhhisqmehhda.supabase.co/rest/v1/crypto_market?select=%2A&order=extracted_at.desc "HTTP/2 200 OK"
2026-03-01 02:04:01,765 - httpx - INFO - HTTP Request: GET https://kjchklbuvhhisqmehhda.supabase.co/rest/v1/crypto_market?select=%2A&order=extracted_at.desc "HTTP/2 200 OK"
2026-03-01 02:04:02,223 - httpx - INFO - HTTP Request: GET https://kjchklbuvhhisqmehhda.supabase.co/rest/v1/crypto_market?select=%2A&coin_id=eq.bitcoin&extracted_at=gte.2025-03-01T02%3A04%3A02.048891&extracted_at=lte.2026-03-01T02%3A04%3A02.048891&order=extracted_at.asc "HTTP/2 200 OK"
2026-03-01 02:04:02,355 - httpx - INFO - HTTP Request: GET https://kjchklbuvhhisqmehhda.supabase.co/rest/v1/crypto_market?select=%2A&order=extracted_at.desc "HTTP/2 200 OK"
2026-03-01 02:04:02,431 - httpx - INFO - HTTP Request: GET https://kjchklbuvhhisqmehhda.supabase.co/rest/v1/crypto_market?select=%2A&coin_id=eq.ethereum&extracted_at=gte.2025-03-01T02%3A04%3A02.257361&extracted_at=lte.2026-03-01T02%3A04%3A02.257361&order=extracted_at.asc "HTTP/2 200 OK"
2026-03-01 02:04:02,612 - httpx - INFO - HTTP Request: GET https://kjchklbuvhhisqmehhda.supabase.co/rest/v1/crypto_market?select=%2A&coin_id=eq.bitcoin&extracted_at=gte.2025-03-01T02%3A04%3A02.438399&extracted_at=lte.2026-03-01T02%3A04%3A02.438399&order=extracted_at.asc "HTTP/2 200 OK"
2026-03-01 02:04:02,663 - httpx - INFO - HTTP Request: GET https://kjchklbuvhhisqmehhda.supabase.co/rest/v1/crypto_market?select=%2A&coin_id=eq.tether&extracted_at=gte.2025-03-01T02%3A04%3A02.479538&extracted_at=lte.2026-03-01T02%3A04%3A02.479538&order=extracted_at.asc "HTTP/2 200 OK"
2026-03-01 02:04:02,875 - httpx - INFO - HTTP Request: GET https://kjchklbuvhhisqmehhda.supabase.co/rest/v1/crypto_market?select=%2A&coin_id=eq.ethereum&extracted_at=gte.2025-03-01T02%3A04%3A02.710711&extracted_at=lte.2026-03-01T02%3A04%3A02.710711&order=extracted_at.asc "HTTP/2 200 OK"
2026-03-01 02:04:02,930 - httpx - INFO - HTTP Request: GET https://kjchklbuvhhisqmehhda.supabase.co/rest/v1/crypto_market?select=%2A&coin_id=eq.ripple&extracted_at=gte.2025-03-01T02%3A04%3A02.764118&extracted_at=lte.2026-03-01T02%3A04%3A02.764118&order=extracted_at.asc "HTTP/2 200 OK"
2026-03-01 02:04:03,300 - httpx - INFO - HTTP Request: GET https://kjchklbuvhhisqmehhda.supabase.co/rest/v1/crypto_market?select=%2A&coin_id=eq.tether&extracted_at=gte.2025-03-01T02%3A04%3A02.959706&extracted_at=lte.2026-03-01T02%3A04%3A02.959706&order=extracted_at.asc "HTTP/2 200 OK"
2026-03-01 02:04:03,305 - httpx - INFO - HTTP Request: GET https://kjchklbuvhhisqmehhda.supabase.co/rest/v1/crypto_market?select=%2A&coin_id=eq.binancecoin&extracted_at=gte.2025-03-01T02%3A04%3A02.994072&extracted_at=lte.2026-03-01T02%3A04%3A02.994072&order=extracted_at.asc "HTTP/2 200 OK"
2026-03-01 02:04:03,823 - httpx - INFO - HTTP Request: GET https://kjchklbuvhhisqmehhda.supabase.co/rest/v1/crypto_market?select=%2A&coin_id=eq.usd-coin&extracted_at=gte.2025-03-01T02%3A04%3A03.464931&extracted_at=lte.2026-03-01T02%3A04%3A03.464931&order=extracted_at.asc "HTTP/2 200 OK"
2026-03-01 02:04:03,826 - httpx - INFO - HTTP Request: GET https://kjchklbuvhhisqmehhda.supabase.co/rest/v1/crypto_market?select=%2A&coin_id=eq.ripple&extracted_at=gte.2025-03-01T02%3A04%3A03.434035&extracted_at=lte.2026-03-01T02%3A04%3A03.434035&order=extracted_at.asc "HTTP/2 200 OK"
2026-03-01 02:04:04,132 - httpx - INFO - HTTP Request: GET https://kjchklbuvhhisqmehhda.supabase.co/rest/v1/crypto_market?select=%2A&coin_id=eq.solana&extracted_at=gte.2025-03-01T02%3A04%3A03.938148&extracted_at=lte.2026-03-01T02%3A04%3A03.938148&order=extracted_at.asc "HTTP/2 200 OK"
2026-03-01 02:04:04,136 - httpx - INFO - HTTP Request: GET https://kjchklbuvhhisqmehhda.supabase.co/rest/v1/crypto_market?select=%2A&coin_id=eq.binancecoin&extracted_at=gte.2025-03-01T02%3A04%3A03.958730&extracted_at=lte.2026-03-01T02%3A04%3A03.958730&order=extracted_at.asc "HTTP/2 200 OK"
2026-03-01 02:04:04,339 - httpx - INFO - HTTP Request: GET https://kjchklbuvhhisqmehhda.supabase.co/rest/v1/crypto_market?select=%2A&coin_id=eq.tron&extracted_at=gte.2025-03-01T02%3A04%3A04.174635&extracted_at=lte.2026-03-01T02%3A04%3A04.174635&order=extracted_at.asc "HTTP/2 200 OK"
2026-03-01 02:04:04,411 - httpx - INFO - HTTP Request: GET https://kjchklbuvhhisqmehhda.supabase.co/rest/v1/crypto_market?select=%2A&coin_id=eq.usd-coin&extracted_at=gte.2025-03-01T02%3A04%3A04.221615&extracted_at=lte.2026-03-01T02%3A04%3A04.221615&order=extracted_at.asc "HTTP/2 200 OK"
2026-03-01 02:04:04,606 - httpx - INFO - HTTP Request: GET https://kjchklbuvhhisqmehhda.supabase.co/rest/v1/crypto_market?select=%2A&coin_id=eq.figure-heloc&extracted_at=gte.2025-03-01T02%3A04%3A04.436310&extracted_at=lte.2026-03-01T02%3A04%3A04.436310&order=extracted_at.asc "HTTP/2 200 OK"
2026-03-01 02:04:04,661 - httpx - INFO - HTTP Request: GET https://kjchklbuvhhisqmehhda.supabase.co/rest/v1/crypto_market?select=%2A&coin_id=eq.solana&extracted_at=gte.2025-03-01T02%3A04%3A04.474736&extracted_at=lte.2026-03-01T02%3A04%3A04.474736&order=extracted_at.asc "HTTP/2 200 OK"
2026-03-01 02:04:04,938 - httpx - INFO - HTTP Request: GET https://kjchklbuvhhisqmehhda.supabase.co/rest/v1/crypto_market?select=%2A&coin_id=eq.dogecoin&extracted_at=gte.2025-03-01T02%3A04%3A04.694340&extracted_at=lte.2026-03-01T02%3A04%3A04.694340&order=extracted_at.asc "HTTP/2 200 OK"
2026-03-01 02:04:04,959 - httpx - INFO - HTTP Request: GET https://kjchklbuvhhisqmehhda.supabase.co/rest/v1/crypto_market?select=%2A&coin_id=eq.tron&extracted_at=gte.2025-03-01T02%3A04%3A04.741794&extracted_at=lte.2026-03-01T02%3A04%3A04.741794&order=extracted_at.asc "HTTP/2 200 OK"
2026-03-01 02:04:05,245 - httpx - INFO - HTTP Request: GET https://kjchklbuvhhisqmehhda.supabase.co/rest/v1/crypto_market?select=%2A&coin_id=eq.whitebit&extracted_at=gte.2025-03-01T02%3A04%3A04.959929&extracted_at=lte.2026-03-01T02%3A04%3A04.959929&order=extracted_at.asc "HTTP/2 200 OK"
2026-03-01 02:04:05,248 - httpx - INFO - HTTP Request: GET https://kjchklbuvhhisqmehhda.supabase.co/rest/v1/crypto_market?select=%2A&coin_id=eq.figure-heloc&extracted_at=gte.2025-03-01T02%3A04%3A04.991668&extracted_at=lte.2026-03-01T02%3A04%3A04.991668&order=extracted_at.asc "HTTP/2 200 OK"
2026-03-01 02:04:05,554 - httpx - INFO - HTTP Request: GET https://kjchklbuvhhisqmehhda.supabase.co/rest/v1/crypto_market?select=%2A&coin_id=eq.cardano&extracted_at=gte.2025-03-01T02%3A04%3A05.320763&extracted_at=lte.2026-03-01T02%3A04%3A05.320763&order=extracted_at.asc "HTTP/2 200 OK"
2026-03-01 02:04:05,557 - httpx - INFO - HTTP Request: GET https://kjchklbuvhhisqmehhda.supabase.co/rest/v1/crypto_market?select=%2A&coin_id=eq.dogecoin&extracted_at=gte.2025-03-01T02%3A04%3A05.341233&extracted_at=lte.2026-03-01T02%3A04%3A05.341233&order=extracted_at.asc "HTTP/2 200 OK"
2026-03-01 02:04:05,857 - httpx - INFO - HTTP Request: GET https://kjchklbuvhhisqmehhda.supabase.co/rest/v1/crypto_market?select=%2A&coin_id=eq.usds&extracted_at=gte.2025-03-01T02%3A04%3A05.655362&extracted_at=lte.2026-03-01T02%3A04%3A05.655362&order=extracted_at.asc "HTTP/2 200 OK"
2026-03-01 02:04:06,273 - httpx - INFO - HTTP Request: GET https://kjchklbuvhhisqmehhda.supabase.co/rest/v1/crypto_market?select=%2A&coin_id=eq.bitcoin-cash&extracted_at=gte.2025-03-01T02%3A04%3A05.883403&extracted_at=lte.2026-03-01T02%3A04%3A05.883403&order=extracted_at.asc "HTTP/2 200 OK"
2026-03-01 02:04:06,587 - httpx - INFO - HTTP Request: GET https://kjchklbuvhhisqmehhda.supabase.co/rest/v1/crypto_market?select=%2A&coin_id=eq.leo-token&extracted_at=gte.2025-03-01T02%3A04%3A06.329332&extracted_at=lte.2026-03-01T02%3A04%3A06.329332&order=extracted_at.asc "HTTP/2 200 OK"
2026-03-01 02:04:06,871 - httpx - INFO - HTTP Request: GET https://kjchklbuvhhisqmehhda.supabase.co/rest/v1/crypto_market?select=%2A&coin_id=eq.hyperliquid&extracted_at=gte.2025-03-01T02%3A04%3A06.662528&extracted_at=lte.2026-03-01T02%3A04%3A06.662528&order=extracted_at.asc "HTTP/2 200 OK"
2026-03-01 02:04:07,170 - httpx - INFO - HTTP Request: GET https://kjchklbuvhhisqmehhda.supabase.co/rest/v1/crypto_market?select=%2A&coin_id=eq.canton-network&extracted_at=gte.2025-03-01T02%3A04%3A06.953466&extracted_at=lte.2026-03-01T02%3A04%3A06.953466&order=extracted_at.asc "HTTP/2 200 OK"
2026-03-01 02:04:07,394 - httpx - INFO - HTTP Request: GET https://kjchklbuvhhisqmehhda.supabase.co/rest/v1/crypto_market?select=%2A&coin_id=eq.monero&extracted_at=gte.2025-03-01T02%3A04%3A07.229514&extracted_at=lte.2026-03-01T02%3A04%3A07.229514&order=extracted_at.asc "HTTP/2 200 OK"
2026-03-01 02:04:07,638 - httpx - INFO - HTTP Request: GET https://kjchklbuvhhisqmehhda.supabase.co/rest/v1/crypto_market?select=%2A&coin_id=eq.chainlink&extracted_at=gte.2025-03-01T02%3A04%3A07.452001&extracted_at=lte.2026-03-01T02%3A04%3A07.452001&order=extracted_at.asc "HTTP/2 200 OK"
2026-03-01 02:04:07,907 - httpx - INFO - HTTP Request: GET https://kjchklbuvhhisqmehhda.supabase.co/rest/v1/crypto_market?select=%2A&coin_id=eq.ethena-usde&extracted_at=gte.2025-03-01T02%3A04%3A07.717447&extracted_at=lte.2026-03-01T02%3A04%3A07.717447&order=extracted_at.asc "HTTP/2 200 OK"
2026-03-01 02:04:08,453 - CryptoVerde.ETL - INFO - ============================================================
2026-03-01 02:04:10,210 - httpx - INFO - HTTP Request: GET https://kjchklbuvhhisqmehhda.supabase.co/rest/v1/crypto_market?select=%2A&order=extracted_at.desc "HTTP/2 200 OK"
2026-03-01 02:04:10,217 - httpx - INFO - HTTP Request: GET https://kjchklbuvhhisqmehhda.supabase.co/rest/v1/crypto_market?select=%2A&order=extracted_at.desc "HTTP/2 200 OK"
2026-03-01 02:04:10,574 - httpx - INFO - HTTP Request: GET https://kjchklbuvhhisqmehhda.supabase.co/rest/v1/crypto_market?select=%2A&coin_id=eq.bitcoin&extracted_at=gte.2025-03-01T02%3A04%3A10.354870&extracted_at=lte.2026-03-01T02%3A04%3A10.354870&order=extracted_at.asc "HTTP/2 200 OK"
2026-03-01 02:04:10,632 - CryptoVerde.ETL - INFO - ============================================================
2026-03-01 02:04:10,857 - httpx - INFO - HTTP Request: GET https://kjchklbuvhhisqmehhda.supabase.co/rest/v1/crypto_market?select=%2A&coin_id=eq.ethereum&extracted_at=gte.2025-03-01T02%3A04%3A10.618038&extracted_at=lte.2026-03-01T02%3A04%3A10.618038&order=extracted_at.asc "HTTP/2 200 OK"
2026-03-01 02:04:11,189 - httpx - INFO - HTTP Request: GET https://kjchklbuvhhisqmehhda.supabase.co/rest/v1/crypto_market?select=%2A&coin_id=eq.tether&extracted_at=gte.2025-03-01T02%3A04%3A10.896584&extracted_at=lte.2026-03-01T02%3A04%3A10.896584&order=extracted_at.asc "HTTP/2 200 OK"
2026-03-01 02:04:11,404 - httpx - INFO - HTTP Request: GET https://kjchklbuvhhisqmehhda.supabase.co/rest/v1/crypto_market?select=%2A&coin_id=eq.ripple&extracted_at=gte.2025-03-01T02%3A04%3A11.222498&extracted_at=lte.2026-03-01T02%3A04%3A11.222498&order=extracted_at.asc "HTTP/2 200 OK"
2026-03-01 02:04:11,640 - httpx - INFO - HTTP Request: GET https://kjchklbuvhhisqmehhda.supabase.co/rest/v1/crypto_market?select=%2A&coin_id=eq.binancecoin&extracted_at=gte.2025-03-01T02%3A04%3A11.467064&extracted_at=lte.2026-03-01T02%3A04%3A11.467064&order=extracted_at.asc "HTTP/2 200 OK"
2026-03-01 02:04:11,657 - CryptoVerde.ETL - INFO - ============================================================
2026-03-01 02:04:11,929 - httpx - INFO - HTTP Request: GET https://kjchklbuvhhisqmehhda.supabase.co/rest/v1/crypto_market?select=%2A&coin_id=eq.usd-coin&extracted_at=gte.2025-03-01T02%3A04%3A11.756262&extracted_at=lte.2026-03-01T02%3A04%3A11.756262&order=extracted_at.asc "HTTP/2 200 OK"
2026-03-01 02:04:12,424 - httpx - INFO - HTTP Request: GET https://kjchklbuvhhisqmehhda.supabase.co/rest/v1/crypto_market?select=%2A&coin_id=eq.solana&extracted_at=gte.2025-03-01T02%3A04%3A12.219873&extracted_at=lte.2026-03-01T02%3A04%3A12.219873&order=extracted_at.asc "HTTP/2 200 OK"
2026-03-01 02:04:12,833 - httpx - INFO - HTTP Request: GET https://kjchklbuvhhisqmehhda.supabase.co/rest/v1/crypto_market?select=%2A&coin_id=eq.tron&extracted_at=gte.2025-03-01T02%3A04%3A12.594445&extracted_at=lte.2026-03-01T02%3A04%3A12.594445&order=extracted_at.asc "HTTP/2 200 OK"
2026-03-01 02:04:13,336 - httpx - INFO - HTTP Request: GET https://kjchklbuvhhisqmehhda.supabase.co/rest/v1/crypto_market?select=%2A&coin_id=eq.figure-heloc&extracted_at=gte.2025-03-01T02%3A04%3A13.064737&extracted_at=lte.2026-03-01T02%3A04%3A13.064737&order=extracted_at.asc "HTTP/2 200 OK"
2026-03-01 02:04:13,646 - httpx - INFO - HTTP Request: GET https://kjchklbuvhhisqmehhda.supabase.co/rest/v1/crypto_market?select=%2A&coin_id=eq.dogecoin&extracted_at=gte.2025-03-01T02%3A04%3A13.387682&extracted_at=lte.2026-03-01T02%3A04%3A13.387682&order=extracted_at.asc "HTTP/2 200 OK"
2026-03-01 02:04:13,880 - httpx - INFO - HTTP Request: GET https://kjchklbuvhhisqmehhda.supabase.co/rest/v1/crypto_market?select=%2A&coin_id=eq.whitebit&extracted_at=gte.2025-03-01T02%3A04%3A13.705201&extracted_at=lte.2026-03-01T02%3A04%3A13.705201&order=extracted_at.asc "HTTP/2 200 OK"
2026-03-01 02:04:13,986 - httpx - INFO - HTTP Request: GET https://kjchklbuvhhisqmehhda.supabase.co/rest/v1/crypto_market?select=%2A&order=extracted_at.desc "HTTP/2 200 OK"
2026-03-01 02:04:14,088 - httpx - INFO - HTTP Request: GET https://kjchklbuvhhisqmehhda.supabase.co/rest/v1/crypto_market?select=%2A&order=extracted_at.desc "HTTP/2 200 OK"
2026-03-01 02:04:14,089 - httpx - INFO - HTTP Request: GET https://kjchklbuvhhisqmehhda.supabase.co/rest/v1/crypto_market?select=%2A&coin_id=eq.cardano&extracted_at=gte.2025-03-01T02%3A04%3A13.902821&extracted_at=lte.2026-03-01T02%3A04%3A13.902821&order=extracted_at.asc "HTTP/2 200 OK"
2026-03-01 02:04:14,454 - httpx - INFO - HTTP Request: GET https://kjchklbuvhhisqmehhda.supabase.co/rest/v1/crypto_market?select=%2A&coin_id=eq.bitcoin&extracted_at=gte.2025-03-01T02%3A04%3A14.259442&extracted_at=lte.2026-03-01T02%3A04%3A14.259442&order=extracted_at.asc "HTTP/2 200 OK"
2026-03-01 02:04:14,517 - httpx - INFO - HTTP Request: GET https://kjchklbuvhhisqmehhda.supabase.co/rest/v1/crypto_market?select=%2A&coin_id=eq.usds&extracted_at=gte.2025-03-01T02%3A04%3A14.353522&extracted_at=lte.2026-03-01T02%3A04%3A14.353522&order=extracted_at.asc "HTTP/2 200 OK"
2026-03-01 02:04:14,676 - httpx - INFO - HTTP Request: GET https://kjchklbuvhhisqmehhda.supabase.co/rest/v1/crypto_market?select=%2A&coin_id=eq.ethereum&extracted_at=gte.2025-03-01T02%3A04%3A14.503363&extracted_at=lte.2026-03-01T02%3A04%3A14.503363&order=extracted_at.asc "HTTP/2 200 OK"
2026-03-01 02:04:14,797 - httpx - INFO - HTTP Request: GET https://kjchklbuvhhisqmehhda.supabase.co/rest/v1/crypto_market?select=%2A&coin_id=eq.bitcoin-cash&extracted_at=gte.2025-03-01T02%3A04%3A14.630512&extracted_at=lte.2026-03-01T02%3A04%3A14.630512&order=extracted_at.asc "HTTP/2 200 OK"
2026-03-01 02:04:14,911 - httpx - INFO - HTTP Request: GET https://kjchklbuvhhisqmehhda.supabase.co/rest/v1/crypto_market?select=%2A&coin_id=eq.tether&extracted_at=gte.2025-03-01T02%3A04%3A14.736684&extracted_at=lte.2026-03-01T02%3A04%3A14.736684&order=extracted_at.asc "HTTP/2 200 OK"
2026-03-01 02:04:15,046 - httpx - INFO - HTTP Request: GET https://kjchklbuvhhisqmehhda.supabase.co/rest/v1/crypto_market?select=%2A&coin_id=eq.leo-token&extracted_at=gte.2025-03-01T02%3A04%3A14.886002&extracted_at=lte.2026-03-01T02%3A04%3A14.886002&order=extracted_at.asc "HTTP/2 200 OK"
2026-03-01 02:04:15,127 - httpx - INFO - HTTP Request: GET https://kjchklbuvhhisqmehhda.supabase.co/rest/v1/crypto_market?select=%2A&coin_id=eq.ripple&extracted_at=gte.2025-03-01T02%3A04%3A14.964516&extracted_at=lte.2026-03-01T02%3A04%3A14.964516&order=extracted_at.asc "HTTP/2 200 OK"
2026-03-01 02:04:15,242 - httpx - INFO - HTTP Request: GET https://kjchklbuvhhisqmehhda.supabase.co/rest/v1/crypto_market?select=%2A&coin_id=eq.hyperliquid&extracted_at=gte.2025-03-01T02%3A04%3A15.077971&extracted_at=lte.2026-03-01T02%3A04%3A15.077971&order=extracted_at.asc "HTTP/2 200 OK"
2026-03-01 02:04:15,323 - httpx - INFO - HTTP Request: GET https://kjchklbuvhhisqmehhda.supabase.co/rest/v1/crypto_market?select=%2A&coin_id=eq.binancecoin&extracted_at=gte.2025-03-01T02%3A04%3A15.164645&extracted_at=lte.2026-03-01T02%3A04%3A15.164645&order=extracted_at.asc "HTTP/2 200 OK"
2026-03-01 02:04:15,448 - httpx - INFO - HTTP Request: GET https://kjchklbuvhhisqmehhda.supabase.co/rest/v1/crypto_market?select=%2A&coin_id=eq.canton-network&extracted_at=gte.2025-03-01T02%3A04%3A15.285392&extracted_at=lte.2026-03-01T02%3A04%3A15.285392&order=extracted_at.asc "HTTP/2 200 OK"
2026-03-01 02:04:15,522 - httpx - INFO - HTTP Request: GET https://kjchklbuvhhisqmehhda.supabase.co/rest/v1/crypto_market?select=%2A&coin_id=eq.usd-coin&extracted_at=gte.2025-03-01T02%3A04%3A15.350050&extracted_at=lte.2026-03-01T02%3A04%3A15.350050&order=extracted_at.asc "HTTP/2 200 OK"
2026-03-01 02:04:15,646 - httpx - INFO - HTTP Request: GET https://kjchklbuvhhisqmehhda.supabase.co/rest/v1/crypto_market?select=%2A&coin_id=eq.monero&extracted_at=gte.2025-03-01T02%3A04%3A15.483415&extracted_at=lte.2026-03-01T02%3A04%3A15.483415&order=extracted_at.asc "HTTP/2 200 OK"
2026-03-01 02:04:15,709 - httpx - INFO - HTTP Request: GET https://kjchklbuvhhisqmehhda.supabase.co/rest/v1/crypto_market?select=%2A&coin_id=eq.solana&extracted_at=gte.2025-03-01T02%3A04%3A15.547456&extracted_at=lte.2026-03-01T02%3A04%3A15.547456&order=extracted_at.asc "HTTP/2 200 OK"
2026-03-01 02:04:15,884 - httpx - INFO - HTTP Request: GET https://kjchklbuvhhisqmehhda.supabase.co/rest/v1/crypto_market?select=%2A&coin_id=eq.chainlink&extracted_at=gte.2025-03-01T02%3A04%3A15.695802&extracted_at=lte.2026-03-01T02%3A04%3A15.695802&order=extracted_at.asc "HTTP/2 200 OK"
2026-03-01 02:04:15,908 - httpx - INFO - HTTP Request: GET https://kjchklbuvhhisqmehhda.supabase.co/rest/v1/crypto_market?select=%2A&coin_id=eq.tron&extracted_at=gte.2025-03-01T02%3A04%3A15.737269&extracted_at=lte.2026-03-01T02%3A04%3A15.737269&order=extracted_at.asc "HTTP/2 200 OK"
2026-03-01 02:04:16,205 - httpx - INFO - HTTP Request: GET https://kjchklbuvhhisqmehhda.supabase.co/rest/v1/crypto_market?select=%2A&coin_id=eq.ethena-usde&extracted_at=gte.2025-03-01T02%3A04%3A15.944624&extracted_at=lte.2026-03-01T02%3A04%3A15.944624&order=extracted_at.asc "HTTP/2 200 OK"
2026-03-01 02:04:16,208 - httpx - INFO - HTTP Request: GET https://kjchklbuvhhisqmehhda.supabase.co/rest/v1/crypto_market?select=%2A&coin_id=eq.figure-heloc&extracted_at=gte.2025-03-01T02%3A04%3A15.972910&extracted_at=lte.2026-03-01T02%3A04%3A15.972910&order=extracted_at.asc "HTTP/2 200 OK"
2026-03-01 02:04:16,624 - httpx - INFO - HTTP Request: GET https://kjchklbuvhhisqmehhda.supabase.co/rest/v1/crypto_market?select=%2A&coin_id=eq.dogecoin&extracted_at=gte.2025-03-01T02%3A04%3A16.442556&extracted_at=lte.2026-03-01T02%3A04%3A16.442556&order=extracted_at.asc "HTTP/2 200 OK"
2026-03-01 02:04:16,818 - httpx - INFO - HTTP Request: GET https://kjchklbuvhhisqmehhda.supabase.co/rest/v1/crypto_market?select=%2A&coin_id=eq.whitebit&extracted_at=gte.2025-03-01T02%3A04%3A16.645290&extracted_at=lte.2026-03-01T02%3A04%3A16.645290&order=extracted_at.asc "HTTP/2 200 OK"
2026-03-01 02:04:17,001 - httpx - INFO - HTTP Request: GET https://kjchklbuvhhisqmehhda.supabase.co/rest/v1/crypto_market?select=%2A&coin_id=eq.cardano&extracted_at=gte.2025-03-01T02%3A04%3A16.842456&extracted_at=lte.2026-03-01T02%3A04%3A16.842456&order=extracted_at.asc "HTTP/2 200 OK"
2026-03-01 02:04:17,158 - CryptoVerde.ETL - INFO - ============================================================
2026-03-01 02:04:17,200 - httpx - INFO - HTTP Request: GET https://kjchklbuvhhisqmehhda.supabase.co/rest/v1/crypto_market?select=%2A&coin_id=eq.usds&extracted_at=gte.2025-03-01T02%3A04%3A17.023937&extracted_at=lte.2026-03-01T02%3A04%3A17.023937&order=extracted_at.asc "HTTP/2 200 OK"
2026-03-01 02:04:17,390 - httpx - INFO - HTTP Request: GET https://kjchklbuvhhisqmehhda.supabase.co/rest/v1/crypto_market?select=%2A&coin_id=eq.bitcoin-cash&extracted_at=gte.2025-03-01T02%3A04%3A17.224554&extracted_at=lte.2026-03-01T02%3A04%3A17.224554&order=extracted_at.asc "HTTP/2 200 OK"
2026-03-01 02:04:17,640 - httpx - INFO - HTTP Request: GET https://kjchklbuvhhisqmehhda.supabase.co/rest/v1/crypto_market?select=%2A&coin_id=eq.leo-token&extracted_at=gte.2025-03-01T02%3A04%3A17.422420&extracted_at=lte.2026-03-01T02%3A04%3A17.422420&order=extracted_at.asc "HTTP/2 200 OK"
2026-03-01 02:04:17,953 - httpx - INFO - HTTP Request: GET https://kjchklbuvhhisqmehhda.supabase.co/rest/v1/crypto_market?select=%2A&coin_id=eq.hyperliquid&extracted_at=gte.2025-03-01T02%3A04%3A17.677636&extracted_at=lte.2026-03-01T02%3A04%3A17.677636&order=extracted_at.asc "HTTP/2 200 OK"
2026-03-01 02:04:18,258 - httpx - INFO - HTTP Request: GET https://kjchklbuvhhisqmehhda.supabase.co/rest/v1/crypto_market?select=%2A&coin_id=eq.canton-network&extracted_at=gte.2025-03-01T02%3A04%3A17.990703&extracted_at=lte.2026-03-01T02%3A04%3A17.990703&order=extracted_at.asc "HTTP/2 200 OK"
2026-03-01 02:04:18,567 - httpx - INFO - HTTP Request: GET https://kjchklbuvhhisqmehhda.supabase.co/rest/v1/crypto_market?select=%2A&coin_id=eq.monero&extracted_at=gte.2025-03-01T02%3A04%3A18.297157&extracted_at=lte.2026-03-01T02%3A04%3A18.297157&order=extracted_at.asc "HTTP/2 200 OK"
2026-03-01 02:04:18,826 - httpx - INFO - HTTP Request: GET https://kjchklbuvhhisqmehhda.supabase.co/rest/v1/crypto_market?select=%2A&coin_id=eq.chainlink&extracted_at=gte.2025-03-01T02%3A04%3A18.596571&extracted_at=lte.2026-03-01T02%3A04%3A18.596571&order=extracted_at.asc "HTTP/2 200 OK"
2026-03-01 02:04:19,040 - httpx - INFO - HTTP Request: GET https://kjchklbuvhhisqmehhda.supabase.co/rest/v1/crypto_market?select=%2A&coin_id=eq.ethena-usde&extracted_at=gte.2025-03-01T02%3A04%3A18.852920&extracted_at=lte.2026-03-01T02%3A04%3A18.852920&order=extracted_at.asc "HTTP/2 200 OK"
2026-03-01 02:04:19,064 - httpx - INFO - HTTP Request: GET https://kjchklbuvhhisqmehhda.supabase.co/rest/v1/crypto_market?select=%2A&order=extracted_at.desc "HTTP/2 200 OK"
2026-03-01 02:04:19,193 - httpx - INFO - HTTP Request: GET https://kjchklbuvhhisqmehhda.supabase.co/rest/v1/crypto_market?select=%2A&order=extracted_at.desc "HTTP/2 200 OK"
2026-03-01 02:04:20,162 - httpx - INFO - HTTP Request: GET https://kjchklbuvhhisqmehhda.supabase.co/rest/v1/crypto_market?select=%2A&coin_id=eq.bitcoin&extracted_at=gte.2025-03-01T02%3A04%3A19.959778&extracted_at=lte.2026-03-01T02%3A04%3A19.959778&order=extracted_at.asc "HTTP/2 200 OK"
2026-03-01 02:04:20,194 - httpx - INFO - HTTP Request: GET https://kjchklbuvhhisqmehhda.supabase.co/rest/v1/crypto_market?select=%2A&coin_id=eq.blockstack&extracted_at=gte.2025-03-01T02%3A04%3A20.009779&extracted_at=lte.2026-03-01T02%3A04%3A20.009779&order=extracted_at.asc "HTTP/2 200 OK"
2026-03-01 02:04:20,516 - httpx - INFO - HTTP Request: GET https://kjchklbuvhhisqmehhda.supabase.co/rest/v1/crypto_market?select=%2A&coin_id=eq.ethereum&extracted_at=gte.2025-03-01T02%3A04%3A20.191729&extracted_at=lte.2026-03-01T02%3A04%3A20.191729&order=extracted_at.asc "HTTP/2 200 OK"
2026-03-01 02:04:20,930 - httpx - INFO - HTTP Request: GET https://kjchklbuvhhisqmehhda.supabase.co/rest/v1/crypto_market?select=%2A&coin_id=eq.tether&extracted_at=gte.2025-03-01T02%3A04%3A20.725204&extracted_at=lte.2026-03-01T02%3A04%3A20.725204&order=extracted_at.asc "HTTP/2 200 OK"
2026-03-01 02:04:21,237 - httpx - INFO - HTTP Request: GET https://kjchklbuvhhisqmehhda.supabase.co/rest/v1/crypto_market?select=%2A&coin_id=eq.ripple&extracted_at=gte.2025-03-01T02%3A04%3A21.010262&extracted_at=lte.2026-03-01T02%3A04%3A21.010262&order=extracted_at.asc "HTTP/2 200 OK"
2026-03-01 02:04:21,534 - httpx - INFO - HTTP Request: GET https://kjchklbuvhhisqmehhda.supabase.co/rest/v1/crypto_market?select=%2A&coin_id=eq.binancecoin&extracted_at=gte.2025-03-01T02%3A04%3A21.256970&extracted_at=lte.2026-03-01T02%3A04%3A21.256970&order=extracted_at.asc "HTTP/2 200 OK"
2026-03-01 02:04:21,939 - httpx - INFO - HTTP Request: GET https://kjchklbuvhhisqmehhda.supabase.co/rest/v1/crypto_market?select=%2A&coin_id=eq.usd-coin&extracted_at=gte.2025-03-01T02%3A04%3A21.575389&extracted_at=lte.2026-03-01T02%3A04%3A21.575389&order=extracted_at.asc "HTTP/2 200 OK"
2026-03-01 02:04:22,251 - httpx - INFO - HTTP Request: GET https://kjchklbuvhhisqmehhda.supabase.co/rest/v1/crypto_market?select=%2A&coin_id=eq.solana&extracted_at=gte.2025-03-01T02%3A04%3A22.008062&extracted_at=lte.2026-03-01T02%3A04%3A22.008062&order=extracted_at.asc "HTTP/2 200 OK"
2026-03-01 02:04:22,566 - httpx - INFO - HTTP Request: GET https://kjchklbuvhhisqmehhda.supabase.co/rest/v1/crypto_market?select=%2A&coin_id=eq.tron&extracted_at=gte.2025-03-01T02%3A04%3A22.320154&extracted_at=lte.2026-03-01T02%3A04%3A22.320154&order=extracted_at.asc "HTTP/2 200 OK"
2026-03-01 02:04:22,795 - httpx - INFO - HTTP Request: GET https://kjchklbuvhhisqmehhda.supabase.co/rest/v1/crypto_market?select=%2A&coin_id=eq.figure-heloc&extracted_at=gte.2025-03-01T02%3A04%3A22.623777&extracted_at=lte.2026-03-01T02%3A04%3A22.623777&order=extracted_at.asc "HTTP/2 200 OK"
2026-03-01 02:04:23,030 - httpx - INFO - HTTP Request: GET https://kjchklbuvhhisqmehhda.supabase.co/rest/v1/crypto_market?select=%2A&coin_id=eq.dogecoin&extracted_at=gte.2025-03-01T02%3A04%3A22.855940&extracted_at=lte.2026-03-01T02%3A04%3A22.855940&order=extracted_at.asc "HTTP/2 200 OK"
2026-03-01 02:04:23,501 - httpx - INFO - HTTP Request: GET https://kjchklbuvhhisqmehhda.supabase.co/rest/v1/crypto_market?select=%2A&coin_id=eq.whitebit&extracted_at=gte.2025-03-01T02%3A04%3A23.091159&extracted_at=lte.2026-03-01T02%3A04%3A23.091159&order=extracted_at.asc "HTTP/2 200 OK"
2026-03-01 02:04:23,791 - httpx - INFO - HTTP Request: GET https://kjchklbuvhhisqmehhda.supabase.co/rest/v1/crypto_market?select=%2A&coin_id=eq.cardano&extracted_at=gte.2025-03-01T02%3A04%3A23.555289&extracted_at=lte.2026-03-01T02%3A04%3A23.555289&order=extracted_at.asc "HTTP/2 200 OK"
2026-03-01 02:04:24,096 - httpx - INFO - HTTP Request: GET https://kjchklbuvhhisqmehhda.supabase.co/rest/v1/crypto_market?select=%2A&coin_id=eq.usds&extracted_at=gte.2025-03-01T02%3A04%3A23.868228&extracted_at=lte.2026-03-01T02%3A04%3A23.868228&order=extracted_at.asc "HTTP/2 200 OK"
2026-03-01 02:04:24,410 - httpx - INFO - HTTP Request: GET https://kjchklbuvhhisqmehhda.supabase.co/rest/v1/crypto_market?select=%2A&coin_id=eq.bitcoin-cash&extracted_at=gte.2025-03-01T02%3A04%3A24.169050&extracted_at=lte.2026-03-01T02%3A04%3A24.169050&order=extracted_at.asc "HTTP/2 200 OK"
2026-03-01 02:04:25,121 - httpx - INFO - HTTP Request: GET https://kjchklbuvhhisqmehhda.supabase.co/rest/v1/crypto_market?select=%2A&coin_id=eq.leo-token&extracted_at=gte.2025-03-01T02%3A04%3A24.477537&extracted_at=lte.2026-03-01T02%3A04%3A24.477537&order=extracted_at.asc "HTTP/2 200 OK"
2026-03-01 02:04:25,630 - httpx - INFO - HTTP Request: GET https://kjchklbuvhhisqmehhda.supabase.co/rest/v1/crypto_market?select=%2A&coin_id=eq.hyperliquid&extracted_at=gte.2025-03-01T02%3A04%3A25.171213&extracted_at=lte.2026-03-01T02%3A04%3A25.171213&order=extracted_at.asc "HTTP/2 200 OK"
2026-03-01 02:04:25,934 - httpx - INFO - HTTP Request: GET https://kjchklbuvhhisqmehhda.supabase.co/rest/v1/crypto_market?select=%2A&coin_id=eq.canton-network&extracted_at=gte.2025-03-01T02%3A04%3A25.715016&extracted_at=lte.2026-03-01T02%3A04%3A25.715016&order=extracted_at.asc "HTTP/2 200 OK"
2026-03-01 02:04:26,253 - httpx - INFO - HTTP Request: GET https://kjchklbuvhhisqmehhda.supabase.co/rest/v1/crypto_market?select=%2A&coin_id=eq.monero&extracted_at=gte.2025-03-01T02%3A04%3A25.996675&extracted_at=lte.2026-03-01T02%3A04%3A25.996675&order=extracted_at.asc "HTTP/2 200 OK"
2026-03-01 02:04:26,640 - httpx - INFO - HTTP Request: GET https://kjchklbuvhhisqmehhda.supabase.co/rest/v1/crypto_market?select=%2A&coin_id=eq.chainlink&extracted_at=gte.2025-03-01T02%3A04%3A26.387549&extracted_at=lte.2026-03-01T02%3A04%3A26.387549&order=extracted_at.asc "HTTP/2 200 OK"
2026-03-01 02:04:26,881 - httpx - INFO - HTTP Request: GET https://kjchklbuvhhisqmehhda.supabase.co/rest/v1/crypto_market?select=%2A&coin_id=eq.ethena-usde&extracted_at=gte.2025-03-01T02%3A04%3A26.707392&extracted_at=lte.2026-03-01T02%3A04%3A26.707392&order=extracted_at.asc "HTTP/2 200 OK"
2026-03-01 02:04:39,964 - CryptoVerde.ETL - INFO - ============================================================
2026-03-01 02:05:06,083 - CryptoVerde.ETL - INFO - ============================================================
2026-03-01 02:05:08,332 - httpx - INFO - HTTP Request: POST https://kjchklbuvhhisqmehhda.supabase.co/rest/v1/crypto_market?on_conflict=coin_id&columns=%22price_change_24h%22%2C%22symbol%22%2C%22name%22%2C%22total_volume%22%2C%22current_price%22%2C%22volatility_score%22%2C%22market_cap%22%2C%22extracted_at%22%2C%22coin_id%22%2C%22market_cap_rank%22 "HTTP/2 200 OK"
2026-03-01 02:05:14,558 - CryptoVerde.ETL - INFO - ============================================================
2026-03-01 02:05:20,571 - CryptoVerde.ETL - INFO - ============================================================
2026-03-01 02:05:21,572 - CryptoVerde.ETL - INFO - ============================================================
2026-03-01 02:05:23,617 - httpx - INFO - HTTP Request: GET https://kjchklbuvhhisqmehhda.supabase.co/rest/v1/crypto_market?select=%2A&order=extracted_at.desc "HTTP/2 200 OK"
2026-03-01 02:05:23,618 - httpx - INFO - HTTP Request: GET https://kjchklbuvhhisqmehhda.supabase.co/rest/v1/crypto_market?select=%2A&order=extracted_at.desc "HTTP/2 200 OK"
2026-03-01 02:05:24,032 - httpx - INFO - HTTP Request: GET https://kjchklbuvhhisqmehhda.supabase.co/rest/v1/crypto_market?select=%2A&coin_id=eq.bitcoin&extracted_at=gte.2025-03-01T02%3A05%3A23.807279&extracted_at=lte.2026-03-01T02%3A05%3A23.807279&order=extracted_at.asc "HTTP/2 200 OK"
2026-03-01 02:05:24,840 - httpx - INFO - HTTP Request: GET https://kjchklbuvhhisqmehhda.supabase.co/rest/v1/crypto_market?select=%2A&coin_id=eq.ethereum&extracted_at=gte.2025-03-01T02%3A05%3A24.672434&extracted_at=lte.2026-03-01T02%3A05%3A24.672434&order=extracted_at.asc "HTTP/2 200 OK"
2026-03-01 02:05:25,076 - httpx - INFO - HTTP Request: GET https://kjchklbuvhhisqmehhda.supabase.co/rest/v1/crypto_market?select=%2A&coin_id=eq.tether&extracted_at=gte.2025-03-01T02%3A05%3A24.906897&extracted_at=lte.2026-03-01T02%3A05%3A24.906897&order=extracted_at.asc "HTTP/2 200 OK"
2026-03-01 02:05:25,260 - httpx - INFO - HTTP Request: GET https://kjchklbuvhhisqmehhda.supabase.co/rest/v1/crypto_market?select=%2A&coin_id=eq.ripple&extracted_at=gte.2025-03-01T02%3A05%3A25.101366&extracted_at=lte.2026-03-01T02%3A05%3A25.101366&order=extracted_at.asc "HTTP/2 200 OK"
2026-03-01 02:05:25,438 - httpx - INFO - HTTP Request: GET https://kjchklbuvhhisqmehhda.supabase.co/rest/v1/crypto_market?select=%2A&coin_id=eq.binancecoin&extracted_at=gte.2025-03-01T02%3A05%3A25.278006&extracted_at=lte.2026-03-01T02%3A05%3A25.278006&order=extracted_at.asc "HTTP/2 200 OK"
2026-03-01 02:05:25,716 - httpx - INFO - HTTP Request: GET https://kjchklbuvhhisqmehhda.supabase.co/rest/v1/crypto_market?select=%2A&coin_id=eq.usd-coin&extracted_at=gte.2025-03-01T02%3A05%3A25.557947&extracted_at=lte.2026-03-01T02%3A05%3A25.557947&order=extracted_at.asc "HTTP/2 200 OK"
2026-03-01 02:05:25,919 - httpx - INFO - HTTP Request: GET https://kjchklbuvhhisqmehhda.supabase.co/rest/v1/crypto_market?select=%2A&coin_id=eq.solana&extracted_at=gte.2025-03-01T02%3A05%3A25.743071&extracted_at=lte.2026-03-01T02%3A05%3A25.743071&order=extracted_at.asc "HTTP/2 200 OK"
2026-03-01 02:05:26,117 - httpx - INFO - HTTP Request: GET https://kjchklbuvhhisqmehhda.supabase.co/rest/v1/crypto_market?select=%2A&coin_id=eq.tron&extracted_at=gte.2025-03-01T02%3A05%3A25.953107&extracted_at=lte.2026-03-01T02%3A05%3A25.953107&order=extracted_at.asc "HTTP/2 200 OK"
2026-03-01 02:05:26,354 - httpx - INFO - HTTP Request: GET https://kjchklbuvhhisqmehhda.supabase.co/rest/v1/crypto_market?select=%2A&coin_id=eq.figure-heloc&extracted_at=gte.2025-03-01T02%3A05%3A26.174553&extracted_at=lte.2026-03-01T02%3A05%3A26.174553&order=extracted_at.asc "HTTP/2 200 OK"
2026-03-01 02:05:26,566 - httpx - INFO - HTTP Request: GET https://kjchklbuvhhisqmehhda.supabase.co/rest/v1/crypto_market?select=%2A&coin_id=eq.dogecoin&extracted_at=gte.2025-03-01T02%3A05%3A26.390731&extracted_at=lte.2026-03-01T02%3A05%3A26.390731&order=extracted_at.asc "HTTP/2 200 OK"
2026-03-01 02:05:26,815 - httpx - INFO - HTTP Request: GET https://kjchklbuvhhisqmehhda.supabase.co/rest/v1/crypto_market?select=%2A&coin_id=eq.whitebit&extracted_at=gte.2025-03-01T02%3A05%3A26.641529&extracted_at=lte.2026-03-01T02%3A05%3A26.641529&order=extracted_at.asc "HTTP/2 200 OK"
2026-03-01 02:05:27,070 - httpx - INFO - HTTP Request: GET https://kjchklbuvhhisqmehhda.supabase.co/rest/v1/crypto_market?select=%2A&coin_id=eq.cardano&extracted_at=gte.2025-03-01T02%3A05%3A26.896905&extracted_at=lte.2026-03-01T02%3A05%3A26.896905&order=extracted_at.asc "HTTP/2 200 OK"
2026-03-01 02:05:27,283 - httpx - INFO - HTTP Request: GET https://kjchklbuvhhisqmehhda.supabase.co/rest/v1/crypto_market?select=%2A&coin_id=eq.usds&extracted_at=gte.2025-03-01T02%3A05%3A27.118506&extracted_at=lte.2026-03-01T02%3A05%3A27.118506&order=extracted_at.asc "HTTP/2 200 OK"
2026-03-01 02:05:27,507 - httpx - INFO - HTTP Request: GET https://kjchklbuvhhisqmehhda.supabase.co/rest/v1/crypto_market?select=%2A&coin_id=eq.bitcoin-cash&extracted_at=gte.2025-03-01T02%3A05%3A27.339139&extracted_at=lte.2026-03-01T02%3A05%3A27.339139&order=extracted_at.asc "HTTP/2 200 OK"
2026-03-01 02:05:27,728 - httpx - INFO - HTTP Request: GET https://kjchklbuvhhisqmehhda.supabase.co/rest/v1/crypto_market?select=%2A&coin_id=eq.leo-token&extracted_at=gte.2025-03-01T02%3A05%3A27.562495&extracted_at=lte.2026-03-01T02%3A05%3A27.562495&order=extracted_at.asc "HTTP/2 200 OK"
2026-03-01 02:05:27,928 - httpx - INFO - HTTP Request: GET https://kjchklbuvhhisqmehhda.supabase.co/rest/v1/crypto_market?select=%2A&coin_id=eq.hyperliquid&extracted_at=gte.2025-03-01T02%3A05%3A27.764298&extracted_at=lte.2026-03-01T02%3A05%3A27.764298&order=extracted_at.asc "HTTP/2 200 OK"
2026-03-01 02:05:28,120 - httpx - INFO - HTTP Request: GET https://kjchklbuvhhisqmehhda.supabase.co/rest/v1/crypto_market?select=%2A&coin_id=eq.canton-network&extracted_at=gte.2025-03-01T02%3A05%3A27.949054&extracted_at=lte.2026-03-01T02%3A05%3A27.949054&order=extracted_at.asc "HTTP/2 200 OK"
2026-03-01 02:05:28,343 - httpx - INFO - HTTP Request: GET https://kjchklbuvhhisqmehhda.supabase.co/rest/v1/crypto_market?select=%2A&coin_id=eq.monero&extracted_at=gte.2025-03-01T02%3A05%3A28.168744&extracted_at=lte.2026-03-01T02%3A05%3A28.168744&order=extracted_at.asc "HTTP/2 200 OK"
2026-03-01 02:05:28,539 - httpx - INFO - HTTP Request: GET https://kjchklbuvhhisqmehhda.supabase.co/rest/v1/crypto_market?select=%2A&coin_id=eq.chainlink&extracted_at=gte.2025-03-01T02%3A05%3A28.367239&extracted_at=lte.2026-03-01T02%3A05%3A28.367239&order=extracted_at.asc "HTTP/2 200 OK"
2026-03-01 02:05:28,738 - httpx - INFO - HTTP Request: GET https://kjchklbuvhhisqmehhda.supabase.co/rest/v1/crypto_market?select=%2A&coin_id=eq.ethena-usde&extracted_at=gte.2025-03-01T02%3A05%3A28.565862&extracted_at=lte.2026-03-01T02%3A05%3A28.565862&order=extracted_at.asc "HTTP/2 200 OK"
2026-03-01 02:05:39,959 - CryptoVerde.ETL - INFO - ============================================================
2026-03-01 02:05:41,925 - httpx - INFO - HTTP Request: GET https://kjchklbuvhhisqmehhda.supabase.co/rest/v1/crypto_market?select=%2A&order=extracted_at.desc "HTTP/2 200 OK"
2026-03-01 02:05:41,950 - httpx - INFO - HTTP Request: GET https://kjchklbuvhhisqmehhda.supabase.co/rest/v1/crypto_market?select=%2A&order=extracted_at.desc "HTTP/2 200 OK"
2026-03-01 02:05:42,134 - httpx - INFO - HTTP Request: GET https://kjchklbuvhhisqmehhda.supabase.co/rest/v1/crypto_market?select=%2A&coin_id=eq.bitcoin&extracted_at=gte.2025-03-01T02%3A05%3A41.963247&extracted_at=lte.2026-03-01T02%3A05%3A41.963247&order=extracted_at.asc "HTTP/2 200 OK"
2026-03-01 02:05:42,633 - httpx - INFO - HTTP Request: GET https://kjchklbuvhhisqmehhda.supabase.co/rest/v1/crypto_market?select=%2A&coin_id=eq.ethereum&extracted_at=gte.2025-03-01T02%3A05%3A42.462817&extracted_at=lte.2026-03-01T02%3A05%3A42.462817&order=extracted_at.asc "HTTP/2 200 OK"
2026-03-01 02:05:42,902 - httpx - INFO - HTTP Request: GET https://kjchklbuvhhisqmehhda.supabase.co/rest/v1/crypto_market?select=%2A&coin_id=eq.tether&extracted_at=gte.2025-03-01T02%3A05%3A42.732780&extracted_at=lte.2026-03-01T02%3A05%3A42.732780&order=extracted_at.asc "HTTP/2 200 OK"
2026-03-01 02:05:43,158 - httpx - INFO - HTTP Request: GET https://kjchklbuvhhisqmehhda.supabase.co/rest/v1/crypto_market?select=%2A&coin_id=eq.ripple&extracted_at=gte.2025-03-01T02%3A05%3A42.968507&extracted_at=lte.2026-03-01T02%3A05%3A42.968507&order=extracted_at.asc "HTTP/2 200 OK"
2026-03-01 02:05:43,179 - CryptoVerde.ETL - INFO - ============================================================
2026-03-01 02:05:43,480 - httpx - INFO - HTTP Request: GET https://kjchklbuvhhisqmehhda.supabase.co/rest/v1/crypto_market?select=%2A&coin_id=eq.binancecoin&extracted_at=gte.2025-03-01T02%3A05%3A43.182158&extracted_at=lte.2026-03-01T02%3A05%3A43.182158&order=extracted_at.asc "HTTP/2 200 OK"
2026-03-01 02:05:43,741 - httpx - INFO - HTTP Request: GET https://kjchklbuvhhisqmehhda.supabase.co/rest/v1/crypto_market?select=%2A&coin_id=eq.usd-coin&extracted_at=gte.2025-03-01T02%3A05%3A43.562274&extracted_at=lte.2026-03-01T02%3A05%3A43.562274&order=extracted_at.asc "HTTP/2 200 OK"
2026-03-01 02:05:43,941 - httpx - INFO - HTTP Request: GET https://kjchklbuvhhisqmehhda.supabase.co/rest/v1/crypto_market?select=%2A&coin_id=eq.solana&extracted_at=gte.2025-03-01T02%3A05%3A43.776019&extracted_at=lte.2026-03-01T02%3A05%3A43.776019&order=extracted_at.asc "HTTP/2 200 OK"
2026-03-01 02:05:44,188 - httpx - INFO - HTTP Request: GET https://kjchklbuvhhisqmehhda.supabase.co/rest/v1/crypto_market?select=%2A&coin_id=eq.tron&extracted_at=gte.2025-03-01T02%3A05%3A43.968943&extracted_at=lte.2026-03-01T02%3A05%3A43.968943&order=extracted_at.asc "HTTP/2 200 OK"
2026-03-01 02:05:44,407 - CryptoVerde.ETL - INFO - ============================================================
2026-03-01 02:05:44,432 - httpx - INFO - HTTP Request: GET https://kjchklbuvhhisqmehhda.supabase.co/rest/v1/crypto_market?select=%2A&coin_id=eq.figure-heloc&extracted_at=gte.2025-03-01T02%3A05%3A44.257315&extracted_at=lte.2026-03-01T02%3A05%3A44.257315&order=extracted_at.asc "HTTP/2 200 OK"
2026-03-01 02:05:44,793 - httpx - INFO - HTTP Request: GET https://kjchklbuvhhisqmehhda.supabase.co/rest/v1/crypto_market?select=%2A&coin_id=eq.dogecoin&extracted_at=gte.2025-03-01T02%3A05%3A44.568977&extracted_at=lte.2026-03-01T02%3A05%3A44.568977&order=extracted_at.asc "HTTP/2 200 OK"
2026-03-01 02:05:45,055 - httpx - INFO - HTTP Request: GET https://kjchklbuvhhisqmehhda.supabase.co/rest/v1/crypto_market?select=%2A&coin_id=eq.whitebit&extracted_at=gte.2025-03-01T02%3A05%3A44.890113&extracted_at=lte.2026-03-01T02%3A05%3A44.890113&order=extracted_at.asc "HTTP/2 200 OK"
2026-03-01 02:05:45,301 - httpx - INFO - HTTP Request: GET https://kjchklbuvhhisqmehhda.supabase.co/rest/v1/crypto_market?select=%2A&coin_id=eq.cardano&extracted_at=gte.2025-03-01T02%3A05%3A45.108445&extracted_at=lte.2026-03-01T02%3A05%3A45.108445&order=extracted_at.asc "HTTP/2 200 OK"
2026-03-01 02:05:45,572 - httpx - INFO - HTTP Request: GET https://kjchklbuvhhisqmehhda.supabase.co/rest/v1/crypto_market?select=%2A&coin_id=eq.usds&extracted_at=gte.2025-03-01T02%3A05%3A45.409604&extracted_at=lte.2026-03-01T02%3A05%3A45.409604&order=extracted_at.asc "HTTP/2 200 OK"
2026-03-01 02:05:45,986 - httpx - INFO - HTTP Request: GET https://kjchklbuvhhisqmehhda.supabase.co/rest/v1/crypto_market?select=%2A&coin_id=eq.bitcoin-cash&extracted_at=gte.2025-03-01T02%3A05%3A45.811575&extracted_at=lte.2026-03-01T02%3A05%3A45.811575&order=extracted_at.asc "HTTP/2 200 OK"
2026-03-01 02:05:46,025 - CryptoVerde.ETL - INFO - ============================================================
2026-03-01 02:05:46,214 - httpx - INFO - HTTP Request: GET https://kjchklbuvhhisqmehhda.supabase.co/rest/v1/crypto_market?select=%2A&coin_id=eq.leo-token&extracted_at=gte.2025-03-01T02%3A05%3A46.030856&extracted_at=lte.2026-03-01T02%3A05%3A46.030856&order=extracted_at.asc "HTTP/2 200 OK"
2026-03-01 02:05:46,490 - httpx - INFO - HTTP Request: GET https://kjchklbuvhhisqmehhda.supabase.co/rest/v1/crypto_market?select=%2A&coin_id=eq.hyperliquid&extracted_at=gte.2025-03-01T02%3A05%3A46.316489&extracted_at=lte.2026-03-01T02%3A05%3A46.316489&order=extracted_at.asc "HTTP/2 200 OK"
2026-03-01 02:05:46,636 - CryptoVerde.ETL - INFO - ============================================================
2026-03-01 02:05:46,706 - httpx - INFO - HTTP Request: GET https://kjchklbuvhhisqmehhda.supabase.co/rest/v1/crypto_market?select=%2A&coin_id=eq.canton-network&extracted_at=gte.2025-03-01T02%3A05%3A46.533254&extracted_at=lte.2026-03-01T02%3A05%3A46.533254&order=extracted_at.asc "HTTP/2 200 OK"
2026-03-01 02:05:47,046 - httpx - INFO - HTTP Request: GET https://kjchklbuvhhisqmehhda.supabase.co/rest/v1/crypto_market?select=%2A&coin_id=eq.monero&extracted_at=gte.2025-03-01T02%3A05%3A46.762971&extracted_at=lte.2026-03-01T02%3A05%3A46.762971&order=extracted_at.asc "HTTP/2 200 OK"
2026-03-01 02:05:47,255 - httpx - INFO - HTTP Request: GET https://kjchklbuvhhisqmehhda.supabase.co/rest/v1/crypto_market?select=%2A&coin_id=eq.chainlink&extracted_at=gte.2025-03-01T02%3A05%3A47.076826&extracted_at=lte.2026-03-01T02%3A05%3A47.076826&order=extracted_at.asc "HTTP/2 200 OK"
2026-03-01 02:05:47,284 - httpx - INFO - HTTP Request: GET https://kjchklbuvhhisqmehhda.supabase.co/rest/v1/crypto_market?select=%2A&order=extracted_at.desc "HTTP/2 200 OK"
2026-03-01 02:05:47,449 - httpx - INFO - HTTP Request: GET https://kjchklbuvhhisqmehhda.supabase.co/rest/v1/crypto_market?select=%2A&coin_id=eq.ethena-usde&extracted_at=gte.2025-03-01T02%3A05%3A47.279473&extracted_at=lte.2026-03-01T02%3A05%3A47.279473&order=extracted_at.asc "HTTP/2 200 OK"
2026-03-01 02:05:47,479 - httpx - INFO - HTTP Request: GET https://kjchklbuvhhisqmehhda.supabase.co/rest/v1/crypto_market?select=%2A&coin_id=eq.bitcoin&extracted_at=gte.2025-03-01T02%3A05%3A47.313268&extracted_at=lte.2026-03-01T02%3A05%3A47.313268&order=extracted_at.asc "HTTP/2 200 OK"
2026-03-01 02:05:47,692 - httpx - INFO - HTTP Request: GET https://kjchklbuvhhisqmehhda.supabase.co/rest/v1/crypto_market?select=%2A&coin_id=eq.ethereum&extracted_at=gte.2025-03-01T02%3A05%3A47.530330&extracted_at=lte.2026-03-01T02%3A05%3A47.530330&order=extracted_at.asc "HTTP/2 200 OK"
2026-03-01 02:05:47,880 - httpx - INFO - HTTP Request: GET https://kjchklbuvhhisqmehhda.supabase.co/rest/v1/crypto_market?select=%2A&coin_id=eq.tether&extracted_at=gte.2025-03-01T02%3A05%3A47.712398&extracted_at=lte.2026-03-01T02%3A05%3A47.712398&order=extracted_at.asc "HTTP/2 200 OK"
2026-03-01 02:05:48,274 - httpx - INFO - HTTP Request: GET https://kjchklbuvhhisqmehhda.supabase.co/rest/v1/crypto_market?select=%2A&coin_id=eq.ripple&extracted_at=gte.2025-03-01T02%3A05%3A48.051862&extracted_at=lte.2026-03-01T02%3A05%3A48.051862&order=extracted_at.asc "HTTP/2 200 OK"
2026-03-01 02:05:48,429 - httpx - INFO - HTTP Request: GET https://kjchklbuvhhisqmehhda.supabase.co/rest/v1/crypto_market?select=%2A&order=extracted_at.desc "HTTP/2 200 OK"
2026-03-01 02:05:48,447 - httpx - INFO - HTTP Request: GET https://kjchklbuvhhisqmehhda.supabase.co/rest/v1/crypto_market?select=%2A&order=extracted_at.desc "HTTP/2 200 OK"
2026-03-01 02:05:48,453 - httpx - INFO - HTTP Request: GET https://kjchklbuvhhisqmehhda.supabase.co/rest/v1/crypto_market?select=%2A&coin_id=eq.binancecoin&extracted_at=gte.2025-03-01T02%3A05%3A48.291939&extracted_at=lte.2026-03-01T02%3A05%3A48.291939&order=extracted_at.asc "HTTP/2 200 OK"
2026-03-01 02:05:48,866 - httpx - INFO - HTTP Request: GET https://kjchklbuvhhisqmehhda.supabase.co/rest/v1/crypto_market?select=%2A&coin_id=eq.bitcoin&extracted_at=gte.2025-03-01T02%3A05%3A48.457498&extracted_at=lte.2026-03-01T02%3A05%3A48.457498&order=extracted_at.asc "HTTP/2 200 OK"
2026-03-01 02:05:48,988 - httpx - INFO - HTTP Request: GET https://kjchklbuvhhisqmehhda.supabase.co/rest/v1/crypto_market?select=%2A&coin_id=eq.usd-coin&extracted_at=gte.2025-03-01T02%3A05%3A48.821720&extracted_at=lte.2026-03-01T02%3A05%3A48.821720&order=extracted_at.asc "HTTP/2 200 OK"
2026-03-01 02:05:49,139 - httpx - INFO - HTTP Request: GET https://kjchklbuvhhisqmehhda.supabase.co/rest/v1/crypto_market?select=%2A&coin_id=eq.ethereum&extracted_at=gte.2025-03-01T02%3A05%3A48.955118&extracted_at=lte.2026-03-01T02%3A05%3A48.955118&order=extracted_at.asc "HTTP/2 200 OK"
2026-03-01 02:05:49,167 - httpx - INFO - HTTP Request: GET https://kjchklbuvhhisqmehhda.supabase.co/rest/v1/crypto_market?select=%2A&coin_id=eq.solana&extracted_at=gte.2025-03-01T02%3A05%3A49.004296&extracted_at=lte.2026-03-01T02%3A05%3A49.004296&order=extracted_at.asc "HTTP/2 200 OK"
2026-03-01 02:05:49,394 - httpx - INFO - HTTP Request: GET https://kjchklbuvhhisqmehhda.supabase.co/rest/v1/crypto_market?select=%2A&coin_id=eq.tron&extracted_at=gte.2025-03-01T02%3A05%3A49.230358&extracted_at=lte.2026-03-01T02%3A05%3A49.230358&order=extracted_at.asc "HTTP/2 200 OK"
2026-03-01 02:05:49,401 - httpx - INFO - HTTP Request: GET https://kjchklbuvhhisqmehhda.supabase.co/rest/v1/crypto_market?select=%2A&coin_id=eq.tether&extracted_at=gte.2025-03-01T02%3A05%3A49.199660&extracted_at=lte.2026-03-01T02%3A05%3A49.199660&order=extracted_at.asc "HTTP/2 200 OK"
2026-03-01 02:05:49,603 - httpx - INFO - HTTP Request: GET https://kjchklbuvhhisqmehhda.supabase.co/rest/v1/crypto_market?select=%2A&coin_id=eq.figure-heloc&extracted_at=gte.2025-03-01T02%3A05%3A49.428879&extracted_at=lte.2026-03-01T02%3A05%3A49.428879&order=extracted_at.asc "HTTP/2 200 OK"
2026-03-01 02:05:49,657 - httpx - INFO - HTTP Request: GET https://kjchklbuvhhisqmehhda.supabase.co/rest/v1/crypto_market?select=%2A&coin_id=eq.ripple&extracted_at=gte.2025-03-01T02%3A05%3A49.478039&extracted_at=lte.2026-03-01T02%3A05%3A49.478039&order=extracted_at.asc "HTTP/2 200 OK"
2026-03-01 02:05:49,845 - httpx - INFO - HTTP Request: GET https://kjchklbuvhhisqmehhda.supabase.co/rest/v1/crypto_market?select=%2A&coin_id=eq.dogecoin&extracted_at=gte.2025-03-01T02%3A05%3A49.651525&extracted_at=lte.2026-03-01T02%3A05%3A49.651525&order=extracted_at.asc "HTTP/2 200 OK"
2026-03-01 02:05:49,852 - httpx - INFO - HTTP Request: GET https://kjchklbuvhhisqmehhda.supabase.co/rest/v1/crypto_market?select=%2A&coin_id=eq.binancecoin&extracted_at=gte.2025-03-01T02%3A05%3A49.679604&extracted_at=lte.2026-03-01T02%3A05%3A49.679604&order=extracted_at.asc "HTTP/2 200 OK"
2026-03-01 02:05:50,056 - httpx - INFO - HTTP Request: GET https://kjchklbuvhhisqmehhda.supabase.co/rest/v1/crypto_market?select=%2A&coin_id=eq.whitebit&extracted_at=gte.2025-03-01T02%3A05%3A49.884642&extracted_at=lte.2026-03-01T02%3A05%3A49.884642&order=extracted_at.asc "HTTP/2 200 OK"
2026-03-01 02:05:50,156 - httpx - INFO - HTTP Request: GET https://kjchklbuvhhisqmehhda.supabase.co/rest/v1/crypto_market?select=%2A&coin_id=eq.usd-coin&extracted_at=gte.2025-03-01T02%3A05%3A49.920897&extracted_at=lte.2026-03-01T02%3A05%3A49.920897&order=extracted_at.asc "HTTP/2 200 OK"
2026-03-01 02:05:50,304 - httpx - INFO - HTTP Request: GET https://kjchklbuvhhisqmehhda.supabase.co/rest/v1/crypto_market?select=%2A&coin_id=eq.cardano&extracted_at=gte.2025-03-01T02%3A05%3A50.094941&extracted_at=lte.2026-03-01T02%3A05%3A50.094941&order=extracted_at.asc "HTTP/2 200 OK"
2026-03-01 02:05:50,349 - httpx - INFO - HTTP Request: GET https://kjchklbuvhhisqmehhda.supabase.co/rest/v1/crypto_market?select=%2A&coin_id=eq.solana&extracted_at=gte.2025-03-01T02%3A05%3A50.181495&extracted_at=lte.2026-03-01T02%3A05%3A50.181495&order=extracted_at.asc "HTTP/2 200 OK"
2026-03-01 02:05:50,509 - httpx - INFO - HTTP Request: GET https://kjchklbuvhhisqmehhda.supabase.co/rest/v1/crypto_market?select=%2A&coin_id=eq.usds&extracted_at=gte.2025-03-01T02%3A05%3A50.338992&extracted_at=lte.2026-03-01T02%3A05%3A50.338992&order=extracted_at.asc "HTTP/2 200 OK"
2026-03-01 02:05:50,556 - httpx - INFO - HTTP Request: GET https://kjchklbuvhhisqmehhda.supabase.co/rest/v1/crypto_market?select=%2A&coin_id=eq.tron&extracted_at=gte.2025-03-01T02%3A05%3A50.389089&extracted_at=lte.2026-03-01T02%3A05%3A50.389089&order=extracted_at.asc "HTTP/2 200 OK"
2026-03-01 02:05:50,708 - httpx - INFO - HTTP Request: GET https://kjchklbuvhhisqmehhda.supabase.co/rest/v1/crypto_market?select=%2A&coin_id=eq.bitcoin-cash&extracted_at=gte.2025-03-01T02%3A05%3A50.525262&extracted_at=lte.2026-03-01T02%3A05%3A50.525262&order=extracted_at.asc "HTTP/2 200 OK"
2026-03-01 02:05:50,763 - httpx - INFO - HTTP Request: GET https://kjchklbuvhhisqmehhda.supabase.co/rest/v1/crypto_market?select=%2A&coin_id=eq.figure-heloc&extracted_at=gte.2025-03-01T02%3A05%3A50.573202&extracted_at=lte.2026-03-01T02%3A05%3A50.573202&order=extracted_at.asc "HTTP/2 200 OK"
2026-03-01 02:05:51,108 - httpx - INFO - HTTP Request: GET https://kjchklbuvhhisqmehhda.supabase.co/rest/v1/crypto_market?select=%2A&coin_id=eq.leo-token&extracted_at=gte.2025-03-01T02%3A05%3A50.923753&extracted_at=lte.2026-03-01T02%3A05%3A50.923753&order=extracted_at.asc "HTTP/2 200 OK"
2026-03-01 02:05:51,173 - httpx - INFO - HTTP Request: GET https://kjchklbuvhhisqmehhda.supabase.co/rest/v1/crypto_market?select=%2A&coin_id=eq.dogecoin&extracted_at=gte.2025-03-01T02%3A05%3A50.958769&extracted_at=lte.2026-03-01T02%3A05%3A50.958769&order=extracted_at.asc "HTTP/2 200 OK"
2026-03-01 02:05:51,431 - httpx - INFO - HTTP Request: GET https://kjchklbuvhhisqmehhda.supabase.co/rest/v1/crypto_market?select=%2A&coin_id=eq.hyperliquid&extracted_at=gte.2025-03-01T02%3A05%3A51.203775&extracted_at=lte.2026-03-01T02%3A05%3A51.203775&order=extracted_at.asc "HTTP/2 200 OK"
2026-03-01 02:05:52,306 - httpx - INFO - HTTP Request: GET https://kjchklbuvhhisqmehhda.supabase.co/rest/v1/crypto_market?select=%2A&coin_id=eq.whitebit&extracted_at=gte.2025-03-01T02%3A05%3A52.107318&extracted_at=lte.2026-03-01T02%3A05%3A52.107318&order=extracted_at.asc "HTTP/2 200 OK"
2026-03-01 02:05:52,388 - httpx - INFO - HTTP Request: GET https://kjchklbuvhhisqmehhda.supabase.co/rest/v1/crypto_market?select=%2A&coin_id=eq.canton-network&extracted_at=gte.2025-03-01T02%3A05%3A52.202943&extracted_at=lte.2026-03-01T02%3A05%3A52.202943&order=extracted_at.asc "HTTP/2 200 OK"
2026-03-01 02:05:52,700 - httpx - INFO - HTTP Request: GET https://kjchklbuvhhisqmehhda.supabase.co/rest/v1/crypto_market?select=%2A&coin_id=eq.cardano&extracted_at=gte.2025-03-01T02%3A05%3A52.519199&extracted_at=lte.2026-03-01T02%3A05%3A52.519199&order=extracted_at.asc "HTTP/2 200 OK"
2026-03-01 02:05:52,769 - httpx - INFO - HTTP Request: GET https://kjchklbuvhhisqmehhda.supabase.co/rest/v1/crypto_market?select=%2A&coin_id=eq.monero&extracted_at=gte.2025-03-01T02%3A05%3A52.574753&extracted_at=lte.2026-03-01T02%3A05%3A52.574753&order=extracted_at.asc "HTTP/2 200 OK"
2026-03-01 02:05:52,936 - httpx - INFO - HTTP Request: GET https://kjchklbuvhhisqmehhda.supabase.co/rest/v1/crypto_market?select=%2A&coin_id=eq.usds&extracted_at=gte.2025-03-01T02%3A05%3A52.748499&extracted_at=lte.2026-03-01T02%3A05%3A52.748499&order=extracted_at.asc "HTTP/2 200 OK"
2026-03-01 02:05:52,993 - httpx - INFO - HTTP Request: GET https://kjchklbuvhhisqmehhda.supabase.co/rest/v1/crypto_market?select=%2A&coin_id=eq.chainlink&extracted_at=gte.2025-03-01T02%3A05%3A52.802343&extracted_at=lte.2026-03-01T02%3A05%3A52.802343&order=extracted_at.asc "HTTP/2 200 OK"
2026-03-01 02:05:53,154 - httpx - INFO - HTTP Request: GET https://kjchklbuvhhisqmehhda.supabase.co/rest/v1/crypto_market?select=%2A&coin_id=eq.bitcoin-cash&extracted_at=gte.2025-03-01T02%3A05%3A52.970127&extracted_at=lte.2026-03-01T02%3A05%3A52.970127&order=extracted_at.asc "HTTP/2 200 OK"
2026-03-01 02:05:53,234 - httpx - INFO - HTTP Request: GET https://kjchklbuvhhisqmehhda.supabase.co/rest/v1/crypto_market?select=%2A&coin_id=eq.ethena-usde&extracted_at=gte.2025-03-01T02%3A05%3A53.041682&extracted_at=lte.2026-03-01T02%3A05%3A53.041682&order=extracted_at.asc "HTTP/2 200 OK"
2026-03-01 02:05:53,442 - httpx - INFO - HTTP Request: GET https://kjchklbuvhhisqmehhda.supabase.co/rest/v1/crypto_market?select=%2A&coin_id=eq.leo-token&extracted_at=gte.2025-03-01T02%3A05%3A53.257530&extracted_at=lte.2026-03-01T02%3A05%3A53.257530&order=extracted_at.asc "HTTP/2 200 OK"
2026-03-01 02:05:53,670 - httpx - INFO - HTTP Request: GET https://kjchklbuvhhisqmehhda.supabase.co/rest/v1/crypto_market?select=%2A&coin_id=eq.hyperliquid&extracted_at=gte.2025-03-01T02%3A05%3A53.467663&extracted_at=lte.2026-03-01T02%3A05%3A53.467663&order=extracted_at.asc "HTTP/2 200 OK"
2026-03-01 02:05:53,939 - httpx - INFO - HTTP Request: GET https://kjchklbuvhhisqmehhda.supabase.co/rest/v1/crypto_market?select=%2A&coin_id=eq.canton-network&extracted_at=gte.2025-03-01T02%3A05%3A53.701825&extracted_at=lte.2026-03-01T02%3A05%3A53.701825&order=extracted_at.asc "HTTP/2 200 OK"
2026-03-01 02:05:54,172 - httpx - INFO - HTTP Request: GET https://kjchklbuvhhisqmehhda.supabase.co/rest/v1/crypto_market?select=%2A&coin_id=eq.monero&extracted_at=gte.2025-03-01T02%3A05%3A53.972811&extracted_at=lte.2026-03-01T02%3A05%3A53.972811&order=extracted_at.asc "HTTP/2 200 OK"
2026-03-01 02:05:54,383 - httpx - INFO - HTTP Request: GET https://kjchklbuvhhisqmehhda.supabase.co/rest/v1/crypto_market?select=%2A&coin_id=eq.chainlink&extracted_at=gte.2025-03-01T02%3A05%3A54.206402&extracted_at=lte.2026-03-01T02%3A05%3A54.206402&order=extracted_at.asc "HTTP/2 200 OK"
2026-03-01 02:05:54,631 - httpx - INFO - HTTP Request: GET https://kjchklbuvhhisqmehhda.supabase.co/rest/v1/crypto_market?select=%2A&coin_id=eq.ethena-usde&extracted_at=gte.2025-03-01T02%3A05%3A54.412941&extracted_at=lte.2026-03-01T02%3A05%3A54.412941&order=extracted_at.asc "HTTP/2 200 OK"
2026-03-01 02:06:24,998 - CryptoVerde.ETL - INFO - ============================================================
2026-03-01 02:06:27,040 - httpx - INFO - HTTP Request: POST https://kjchklbuvhhisqmehhda.supabase.co/rest/v1/crypto_market?on_conflict=coin_id&columns=%22price_change_24h%22%2C%22symbol%22%2C%22name%22%2C%22total_volume%22%2C%22current_price%22%2C%22volatility_score%22%2C%22market_cap%22%2C%22extracted_at%22%2C%22coin_id%22%2C%22market_cap_rank%22 "HTTP/2 200 OK"
2026-03-01 02:06:49,877 - CryptoVerde.ETL - INFO - ============================================================
2026-03-01 02:06:51,000 - httpx - INFO - HTTP Request: POST https://kjchklbuvhhisqmehhda.supabase.co/rest/v1/crypto_market?on_conflict=coin_id&columns=%22price_change_24h%22%2C%22symbol%22%2C%22name%22%2C%22total_volume%22%2C%22current_price%22%2C%22volatility_score%22%2C%22market_cap%22%2C%22extracted_at%22%2C%22coin_id%22%2C%22market_cap_rank%22 "HTTP/2 200 OK"
2026-03-01 02:06:52,677 - CryptoVerde.ETL - INFO - ============================================================
2026-03-01 02:06:55,057 - httpx - INFO - HTTP Request: GET https://kjchklbuvhhisqmehhda.supabase.co/rest/v1/crypto_market?select=%2A&order=extracted_at.desc "HTTP/2 200 OK"
2026-03-01 02:06:55,061 - httpx - INFO - HTTP Request: GET https://kjchklbuvhhisqmehhda.supabase.co/rest/v1/crypto_market?select=%2A&order=extracted_at.desc "HTTP/2 200 OK"
2026-03-01 02:06:55,483 - httpx - INFO - HTTP Request: GET https://kjchklbuvhhisqmehhda.supabase.co/rest/v1/crypto_market?select=%2A&coin_id=eq.bitcoin&extracted_at=gte.2025-03-01T02%3A06%3A55.228910&extracted_at=lte.2026-03-01T02%3A06%3A55.228910&order=extracted_at.asc "HTTP/2 200 OK"
2026-03-01 02:06:55,813 - httpx - INFO - HTTP Request: GET https://kjchklbuvhhisqmehhda.supabase.co/rest/v1/crypto_market?select=%2A&coin_id=eq.ethereum&extracted_at=gte.2025-03-01T02%3A06%3A55.576488&extracted_at=lte.2026-03-01T02%3A06%3A55.576488&order=extracted_at.asc "HTTP/2 200 OK"
2026-03-01 02:06:56,026 - httpx - INFO - HTTP Request: GET https://kjchklbuvhhisqmehhda.supabase.co/rest/v1/crypto_market?select=%2A&coin_id=eq.tether&extracted_at=gte.2025-03-01T02%3A06%3A55.841397&extracted_at=lte.2026-03-01T02%3A06%3A55.841397&order=extracted_at.asc "HTTP/2 200 OK"
2026-03-01 02:06:56,339 - httpx - INFO - HTTP Request: GET https://kjchklbuvhhisqmehhda.supabase.co/rest/v1/crypto_market?select=%2A&coin_id=eq.ripple&extracted_at=gte.2025-03-01T02%3A06%3A56.152523&extracted_at=lte.2026-03-01T02%3A06%3A56.152523&order=extracted_at.asc "HTTP/2 200 OK"
2026-03-01 02:06:56,564 - httpx - INFO - HTTP Request: GET https://kjchklbuvhhisqmehhda.supabase.co/rest/v1/crypto_market?select=%2A&coin_id=eq.binancecoin&extracted_at=gte.2025-03-01T02%3A06%3A56.369862&extracted_at=lte.2026-03-01T02%3A06%3A56.369862&order=extracted_at.asc "HTTP/2 200 OK"
2026-03-01 02:06:56,856 - httpx - INFO - HTTP Request: GET https://kjchklbuvhhisqmehhda.supabase.co/rest/v1/crypto_market?select=%2A&coin_id=eq.usd-coin&extracted_at=gte.2025-03-01T02%3A06%3A56.657533&extracted_at=lte.2026-03-01T02%3A06%3A56.657533&order=extracted_at.asc "HTTP/2 200 OK"
2026-03-01 02:06:57,080 - httpx - INFO - HTTP Request: GET https://kjchklbuvhhisqmehhda.supabase.co/rest/v1/crypto_market?select=%2A&coin_id=eq.solana&extracted_at=gte.2025-03-01T02%3A06%3A56.885205&extracted_at=lte.2026-03-01T02%3A06%3A56.885205&order=extracted_at.asc "HTTP/2 200 OK"
2026-03-01 02:06:57,368 - httpx - INFO - HTTP Request: GET https://kjchklbuvhhisqmehhda.supabase.co/rest/v1/crypto_market?select=%2A&coin_id=eq.tron&extracted_at=gte.2025-03-01T02%3A06%3A57.174586&extracted_at=lte.2026-03-01T02%3A06%3A57.174586&order=extracted_at.asc "HTTP/2 200 OK"
2026-03-01 02:06:57,745 - httpx - INFO - HTTP Request: GET https://kjchklbuvhhisqmehhda.supabase.co/rest/v1/crypto_market?select=%2A&coin_id=eq.figure-heloc&extracted_at=gte.2025-03-01T02%3A06%3A57.524731&extracted_at=lte.2026-03-01T02%3A06%3A57.524731&order=extracted_at.asc "HTTP/2 200 OK"
2026-03-01 02:06:58,137 - httpx - INFO - HTTP Request: GET https://kjchklbuvhhisqmehhda.supabase.co/rest/v1/crypto_market?select=%2A&coin_id=eq.dogecoin&extracted_at=gte.2025-03-01T02%3A06%3A57.937138&extracted_at=lte.2026-03-01T02%3A06%3A57.937138&order=extracted_at.asc "HTTP/2 200 OK"
2026-03-01 02:06:58,470 - httpx - INFO - HTTP Request: GET https://kjchklbuvhhisqmehhda.supabase.co/rest/v1/crypto_market?select=%2A&coin_id=eq.whitebit&extracted_at=gte.2025-03-01T02%3A06%3A58.230774&extracted_at=lte.2026-03-01T02%3A06%3A58.230774&order=extracted_at.asc "HTTP/2 200 OK"
2026-03-01 02:06:58,684 - httpx - INFO - HTTP Request: GET https://kjchklbuvhhisqmehhda.supabase.co/rest/v1/crypto_market?select=%2A&coin_id=eq.cardano&extracted_at=gte.2025-03-01T02%3A06%3A58.493259&extracted_at=lte.2026-03-01T02%3A06%3A58.493259&order=extracted_at.asc "HTTP/2 200 OK"
2026-03-01 02:06:58,926 - httpx - INFO - HTTP Request: GET https://kjchklbuvhhisqmehhda.supabase.co/rest/v1/crypto_market?select=%2A&coin_id=eq.usds&extracted_at=gte.2025-03-01T02%3A06%3A58.730469&extracted_at=lte.2026-03-01T02%3A06%3A58.730469&order=extracted_at.asc "HTTP/2 200 OK"
2026-03-01 02:06:59,141 - httpx - INFO - HTTP Request: GET https://kjchklbuvhhisqmehhda.supabase.co/rest/v1/crypto_market?select=%2A&coin_id=eq.bitcoin-cash&extracted_at=gte.2025-03-01T02%3A06%3A58.956025&extracted_at=lte.2026-03-01T02%3A06%3A58.956025&order=extracted_at.asc "HTTP/2 200 OK"
2026-03-01 02:06:59,399 - httpx - INFO - HTTP Request: GET https://kjchklbuvhhisqmehhda.supabase.co/rest/v1/crypto_market?select=%2A&coin_id=eq.leo-token&extracted_at=gte.2025-03-01T02%3A06%3A59.164258&extracted_at=lte.2026-03-01T02%3A06%3A59.164258&order=extracted_at.asc "HTTP/2 200 OK"
2026-03-01 02:06:59,640 - httpx - INFO - HTTP Request: GET https://kjchklbuvhhisqmehhda.supabase.co/rest/v1/crypto_market?select=%2A&coin_id=eq.hyperliquid&extracted_at=gte.2025-03-01T02%3A06%3A59.447417&extracted_at=lte.2026-03-01T02%3A06%3A59.447417&order=extracted_at.asc "HTTP/2 200 OK"
2026-03-01 02:06:59,896 - httpx - INFO - HTTP Request: GET https://kjchklbuvhhisqmehhda.supabase.co/rest/v1/crypto_market?select=%2A&coin_id=eq.canton-network&extracted_at=gte.2025-03-01T02%3A06%3A59.668608&extracted_at=lte.2026-03-01T02%3A06%3A59.668608&order=extracted_at.asc "HTTP/2 200 OK"
2026-03-01 02:07:00,158 - httpx - INFO - HTTP Request: GET https://kjchklbuvhhisqmehhda.supabase.co/rest/v1/crypto_market?select=%2A&coin_id=eq.monero&extracted_at=gte.2025-03-01T02%3A06%3A59.949239&extracted_at=lte.2026-03-01T02%3A06%3A59.949239&order=extracted_at.asc "HTTP/2 200 OK"
2026-03-01 02:07:00,403 - httpx - INFO - HTTP Request: GET https://kjchklbuvhhisqmehhda.supabase.co/rest/v1/crypto_market?select=%2A&coin_id=eq.chainlink&extracted_at=gte.2025-03-01T02%3A07%3A00.188819&extracted_at=lte.2026-03-01T02%3A07%3A00.188819&order=extracted_at.asc "HTTP/2 200 OK"
2026-03-01 02:07:00,763 - httpx - INFO - HTTP Request: GET https://kjchklbuvhhisqmehhda.supabase.co/rest/v1/crypto_market?select=%2A&coin_id=eq.ethena-usde&extracted_at=gte.2025-03-01T02%3A07%3A00.537511&extracted_at=lte.2026-03-01T02%3A07%3A00.537511&order=extracted_at.asc "HTTP/2 200 OK"
2026-03-01 02:11:43,924 - CryptoVerde.ETL - INFO - ============================================================
2026-03-01 02:11:43,940 - CryptoVerde.ETL - INFO - ============================================================
2026-03-01 02:11:52,306 - httpx - INFO - HTTP Request: POST https://kjchklbuvhhisqmehhda.supabase.co/rest/v1/crypto_market?on_conflict=coin_id&columns=%22price_change_24h%22%2C%22market_cap%22%2C%22total_volume%22%2C%22market_cap_rank%22%2C%22extracted_at%22%2C%22name%22%2C%22symbol%22%2C%22coin_id%22%2C%22current_price%22%2C%22volatility_score%22 "HTTP/2 200 OK"
2026-03-01 02:11:52,312 - httpx - INFO - HTTP Request: POST https://kjchklbuvhhisqmehhda.supabase.co/rest/v1/crypto_market?on_conflict=coin_id&columns=%22price_change_24h%22%2C%22market_cap%22%2C%22total_volume%22%2C%22market_cap_rank%22%2C%22extracted_at%22%2C%22name%22%2C%22symbol%22%2C%22coin_id%22%2C%22current_price%22%2C%22volatility_score%22 "HTTP/2 200 OK"
2026-03-01 02:11:52,708 - httpx - INFO - HTTP Request: GET https://kjchklbuvhhisqmehhda.supabase.co/rest/v1/crypto_market?select=%2A&order=extracted_at.desc "HTTP/2 200 OK"
2026-03-01 02:11:52,770 - httpx - INFO - HTTP Request: GET https://kjchklbuvhhisqmehhda.supabase.co/rest/v1/crypto_market?select=%2A&order=extracted_at.desc "HTTP/2 200 OK"
2026-03-01 02:11:55,425 - httpx - INFO - HTTP Request: GET https://kjchklbuvhhisqmehhda.supabase.co/rest/v1/crypto_market?select=%2A&order=extracted_at.desc "HTTP/2 200 OK"
2026-03-01 02:13:01,972 - CryptoVerde.ETL - INFO - ============================================================
2026-03-01 02:13:03,717 - httpx - INFO - HTTP Request: GET https://kjchklbuvhhisqmehhda.supabase.co/rest/v1/crypto_market?select=%2A&order=extracted_at.desc "HTTP/2 200 OK"
2026-03-01 02:13:03,850 - httpx - INFO - HTTP Request: POST https://kjchklbuvhhisqmehhda.supabase.co/rest/v1/crypto_market?on_conflict=coin_id&columns=%22price_change_24h%22%2C%22market_cap%22%2C%22total_volume%22%2C%22market_cap_rank%22%2C%22extracted_at%22%2C%22name%22%2C%22symbol%22%2C%22coin_id%22%2C%22current_price%22%2C%22volatility_score%22 "HTTP/2 200 OK"
2026-03-01 02:13:04,766 - httpx - INFO - HTTP Request: GET https://kjchklbuvhhisqmehhda.supabase.co/rest/v1/crypto_market?select=%2A&order=extracted_at.desc "HTTP/2 200 OK"
2026-03-01 02:14:07,090 - CryptoVerde.ETL - INFO - ============================================================
2026-03-01 02:14:09,613 - httpx - INFO - HTTP Request: GET https://kjchklbuvhhisqmehhda.supabase.co/rest/v1/crypto_market?select=%2A&order=extracted_at.desc "HTTP/2 200 OK"
2026-03-01 02:15:12,337 - CryptoVerde.ETL - INFO - ============================================================
2026-03-01 02:15:14,857 - httpx - INFO - HTTP Request: GET https://kjchklbuvhhisqmehhda.supabase.co/rest/v1/crypto_market?select=%2A&order=extracted_at.desc "HTTP/2 200 OK"
2026-03-01 02:15:15,506 - httpx - INFO - HTTP Request: POST https://kjchklbuvhhisqmehhda.supabase.co/rest/v1/crypto_market?on_conflict=coin_id&columns=%22price_change_24h%22%2C%22market_cap%22%2C%22total_volume%22%2C%22market_cap_rank%22%2C%22extracted_at%22%2C%22name%22%2C%22symbol%22%2C%22coin_id%22%2C%22current_price%22%2C%22volatility_score%22 "HTTP/2 200 OK"
2026-03-01 02:15:16,053 - httpx - INFO - HTTP Request: GET https://kjchklbuvhhisqmehhda.supabase.co/rest/v1/crypto_market?select=%2A&order=extracted_at.desc "HTTP/2 200 OK"
2026-03-01 02:16:17,776 - CryptoVerde.ETL - INFO - ============================================================
2026-03-01 02:16:21,398 - httpx - INFO - HTTP Request: POST https://kjchklbuvhhisqmehhda.supabase.co/rest/v1/crypto_market?on_conflict=coin_id&columns=%22price_change_24h%22%2C%22market_cap%22%2C%22total_volume%22%2C%22market_cap_rank%22%2C%22extracted_at%22%2C%22name%22%2C%22symbol%22%2C%22coin_id%22%2C%22current_price%22%2C%22volatility_score%22 "HTTP/2 200 OK"
2026-03-01 02:16:21,416 - httpx - INFO - HTTP Request: GET https://kjchklbuvhhisqmehhda.supabase.co/rest/v1/crypto_market?select=%2A&order=extracted_at.desc "HTTP/2 200 OK"
2026-03-01 02:16:21,937 - httpx - INFO - HTTP Request: GET https://kjchklbuvhhisqmehhda.supabase.co/rest/v1/crypto_market?select=%2A&order=extracted_at.desc "HTTP/2 200 OK"
2026-03-01 02:17:24,002 - CryptoVerde.ETL - INFO - ============================================================
2026-03-01 02:17:25,732 - httpx - INFO - HTTP Request: GET https://kjchklbuvhhisqmehhda.supabase.co/rest/v1/crypto_market?select=%2A&order=extracted_at.desc "HTTP/2 200 OK"
2026-03-01 02:17:25,924 - httpx - INFO - HTTP Request: POST https://kjchklbuvhhisqmehhda.supabase.co/rest/v1/crypto_market?on_conflict=coin_id&columns=%22price_change_24h%22%2C%22market_cap%22%2C%22total_volume%22%2C%22market_cap_rank%22%2C%22extracted_at%22%2C%22name%22%2C%22symbol%22%2C%22coin_id%22%2C%22current_price%22%2C%22volatility_score%22 "HTTP/2 200 OK"
2026-03-01 02:17:26,297 - httpx - INFO - HTTP Request: GET https://kjchklbuvhhisqmehhda.supabase.co/rest/v1/crypto_market?select=%2A&order=extracted_at.desc "HTTP/2 200 OK"
